[I 2024-02-04 02:52:08.551 ServerApp] Package jupyterlab took 0.0000s to import
[I 2024-02-04 02:52:08.559 ServerApp] Package jupyter_lsp took 0.0081s to import
[W 2024-02-04 02:52:08.559 ServerApp] A `_jupyter_server_extension_points` function was not found in jupyter_lsp. Instead, a `_jupyter_server_extension_paths` function was found and will be used for now. This function name will be deprecated in future releases of Jupyter Server.
[I 2024-02-04 02:52:08.563 ServerApp] Package jupyter_server_terminals took 0.0035s to import
[W 2024-02-04 02:52:08.563 ServerApp] nbclassic | error adding extension (enabled: True): The module 'nbclassic' could not be found (No module named 'nbclassic'). Are you sure the extension is installed?
    Traceback (most recent call last):
      File "/root/miniconda3/envs/yolo/lib/python3.10/site-packages/jupyter_server/extension/manager.py", line 321, in add_extension
        extpkg = ExtensionPackage(name=extension_name, enabled=enabled)
      File "/root/miniconda3/envs/yolo/lib/python3.10/site-packages/jupyter_server/extension/manager.py", line 185, in __init__
        self._load_metadata()
      File "/root/miniconda3/envs/yolo/lib/python3.10/site-packages/jupyter_server/extension/manager.py", line 200, in _load_metadata
        raise ExtensionModuleNotFound(msg) from None
    jupyter_server.extension.utils.ExtensionModuleNotFound: The module 'nbclassic' could not be found (No module named 'nbclassic'). Are you sure the extension is installed?
[I 2024-02-04 02:52:08.564 ServerApp] Package notebook took 0.0000s to import
[I 2024-02-04 02:52:08.565 ServerApp] Package notebook_shim took 0.0000s to import
[W 2024-02-04 02:52:08.565 ServerApp] A `_jupyter_server_extension_points` function was not found in notebook_shim. Instead, a `_jupyter_server_extension_paths` function was found and will be used for now. This function name will be deprecated in future releases of Jupyter Server.
[I 2024-02-04 02:52:08.566 ServerApp] jupyter_lsp | extension was successfully linked.
[I 2024-02-04 02:52:08.569 ServerApp] jupyter_server_terminals | extension was successfully linked.
[I 2024-02-04 02:52:08.573 ServerApp] jupyterlab | extension was successfully linked.
[I 2024-02-04 02:52:08.576 ServerApp] notebook | extension was successfully linked.
[I 2024-02-04 02:52:08.758 ServerApp] notebook_shim | extension was successfully linked.
[I 2024-02-04 02:52:08.770 ServerApp] notebook_shim | extension was successfully loaded.
[I 2024-02-04 02:52:08.772 ServerApp] jupyter_lsp | extension was successfully loaded.
[I 2024-02-04 02:52:08.772 ServerApp] jupyter_server_terminals | extension was successfully loaded.
[I 2024-02-04 02:52:08.774 LabApp] JupyterLab extension loaded from /root/miniconda3/envs/yolo/lib/python3.10/site-packages/jupyterlab
[I 2024-02-04 02:52:08.774 LabApp] JupyterLab application directory is /root/miniconda3/envs/yolo/share/jupyter/lab
[I 2024-02-04 02:52:08.774 LabApp] Extension Manager is 'pypi'.
[I 2024-02-04 02:52:08.776 ServerApp] jupyterlab | extension was successfully loaded.
[I 2024-02-04 02:52:08.778 ServerApp] notebook | extension was successfully loaded.
[I 2024-02-04 02:52:08.779 ServerApp] Serving notebooks from local directory: /root/yolo
[I 2024-02-04 02:52:08.779 ServerApp] Jupyter Server 2.10.0 is running at:
[I 2024-02-04 02:52:08.779 ServerApp] http://sts-spsb-karg-0:8888/lab
[I 2024-02-04 02:52:08.779 ServerApp]     http://127.0.0.1:8888/lab
[I 2024-02-04 02:52:08.779 ServerApp] Use Control-C to stop this server and shut down all kernels (twice to skip confirmation).
[I 2024-02-04 02:52:08.794 ServerApp] Skipped non-installed server(s): bash-language-server, dockerfile-language-server-nodejs, javascript-typescript-langserver, jedi-language-server, julia-language-server, pyright, python-language-server, python-lsp-server, r-languageserver, sql-language-server, texlab, typescript-language-server, unified-language-server, vscode-css-languageserver-bin, vscode-html-languageserver-bin, vscode-json-languageserver-bin, yaml-language-server
[I 2024-02-04 02:52:17.487 ServerApp] 302 GET / (@127.0.0.1) 0.49ms
[I 2024-02-04 02:52:17.816 ServerApp] 302 GET / (@127.0.0.1) 0.40ms
[W 2024-02-04 02:52:18.351 ServerApp] Clearing invalid/expired login cookie username-jupyter-lab-defaqman-com
[I 2024-02-04 02:52:18.351 LabApp] 302 GET /lab? (@127.0.0.1) 1.04ms
[I 2024-02-04 02:52:25.792 ServerApp] User 41639f4f54a04d9aa932564e7ec8fcd6 logged in.
[I 2024-02-04 02:52:25.793 ServerApp] 302 POST /login?next=%2Flab%3F (41639f4f54a04d9aa932564e7ec8fcd6@127.0.0.1) 25.57ms
[W 2024-02-04 02:52:39.331 LabApp] Could not determine jupyterlab build status without nodejs
